<?xml version="1.0" encoding="UTF-8"?>
<!-- Generated by org.testng.reporters.JUnitReportReporter -->
<testsuite hostname="DESKTOP-LFAEFDT" failures="0" tests="1" name="TesNG.SampleTest" time="0.035" errors="0" timestamp="2024-08-10T09:58:06 IST" skipped="0">
  <testcase classname="TesNG.SampleTest" name="Demo" time="0.035"/>
  <system-out>
    <![CDATA[Hello World]]>
  </system-out>
</testsuite> <!-- TesNG.SampleTest -->
