<?xml version="1.0" encoding="UTF-8"?>
<!-- Generated by org.testng.reporters.JUnitReportReporter -->
<testsuite hostname="DESKTOP-LFAEFDT" failures="0" tests="1" name="Assertion.WhyNotIfElse" time="0.024" errors="0" timestamp="2024-07-29T23:15:50 IST" skipped="0">
  <testcase classname="Assertion.WhyNotIfElse" name="demo" time="0.024"/>
  <system-out/>
</testsuite> <!-- Assertion.WhyNotIfElse -->
