<?xml version="1.0" encoding="UTF-8"?>
<!-- Generated by org.testng.reporters.JUnitReportReporter -->
<testsuite hostname="DESKTOP-LFAEFDT" failures="0" tests="5" name="TesNG.PriorityFlagTest" time="0.028" errors="0" timestamp="2024-07-26T10:26:25 IST" skipped="0">
  <testcase classname="TesNG.PriorityFlagTest" name="demo5" time="0.016"/>
  <system-out>
    <![CDATA[demo5]]>
  </system-out>
  <testcase classname="TesNG.PriorityFlagTest" name="demo1" time="0.003"/>
  <system-out>
    <![CDATA[demo1]]>
  </system-out>
  <testcase classname="TesNG.PriorityFlagTest" name="demo3" time="0.003"/>
  <system-out>
    <![CDATA[demo3]]>
  </system-out>
  <testcase classname="TesNG.PriorityFlagTest" name="demo4" time="0.004"/>
  <system-out>
    <![CDATA[demo4]]>
  </system-out>
  <testcase classname="TesNG.PriorityFlagTest" name="demo2" time="0.002"/>
  <system-out>
    <![CDATA[demo2]]>
  </system-out>
</testsuite> <!-- TesNG.PriorityFlagTest -->
