<?xml version="1.0" encoding="UTF-8"?>
<!-- Generated by org.testng.reporters.JUnitReportReporter -->
<testsuite hostname="DESKTOP-LFAEFDT" failures="0" tests="1" name="TestNGImplementation.copy.Create_industry" time="24.391" errors="0" timestamp="2024-08-03T10:00:03 IST" skipped="0">
  <testcase classname="TestNGImplementation.copy.Create_industry" name="createIndustryTest" time="24.391"/>
  <system-out/>
</testsuite> <!-- TestNGImplementation.copy.Create_industry -->
