<?xml version="1.0" encoding="UTF-8"?>
<!-- Generated by org.testng.reporters.JUnitReportReporter -->
<testsuite hostname="DESKTOP-LFAEFDT" failures="0" tests="2" name="TesNG.Enabled" time="0.017" errors="0" timestamp="2024-07-26T10:40:01 IST" skipped="1">
  <testcase classname="TesNG.Enabled" name="demo3" time="0.017"/>
  <system-out>
    <![CDATA[demo3]]>
  </system-out>
  <testcase classname="TesNG.Enabled" name="demo2">
    <skipped/>
  </testcase> <!-- demo2 -->
  <system-out/>
</testsuite> <!-- TesNG.Enabled -->
