<?xml version="1.0" encoding="UTF-8"?>
<!-- Generated by org.testng.reporters.JUnitReportReporter -->
<testsuite hostname="DESKTOP-LFAEFDT" failures="0" tests="9" name="TesNG.Combination_Flag" time="0.118" errors="0" timestamp="2024-07-26T22:00:47 IST" skipped="2">
  <testcase classname="TesNG.Combination_Flag" name="demo1" time="0.005"/>
  <system-out>
    <![CDATA[demo1]]>
  </system-out>
  <testcase classname="TesNG.Combination_Flag" name="demo1" time="0.050"/>
  <system-out>
    <![CDATA[demo1]]>
  </system-out>
  <testcase classname="TesNG.Combination_Flag" name="demo3" time="0.004"/>
  <system-out>
    <![CDATA[demo3]]>
  </system-out>
  <testcase classname="TesNG.Combination_Flag" name="demo3" time="0.036"/>
  <system-out>
    <![CDATA[demo3]]>
  </system-out>
  <testcase classname="TesNG.Combination_Flag" name="demo3" time="0.003"/>
  <system-out>
    <![CDATA[demo3]]>
  </system-out>
  <testcase classname="TesNG.Combination_Flag" name="demo4" time="0.004"/>
  <system-out>
    <![CDATA[demo4]]>
  </system-out>
  <testcase classname="TesNG.Combination_Flag" name="demo4" time="0.016"/>
  <system-out>
    <![CDATA[demo4]]>
  </system-out>
  <testcase classname="TesNG.Combination_Flag" name="demo2">
    <skipped/>
  </testcase> <!-- demo2 -->
  <system-out/>
  <testcase classname="TesNG.Combination_Flag" name="demo5">
    <skipped/>
  </testcase> <!-- demo5 -->
  <system-out/>
</testsuite> <!-- TesNG.Combination_Flag -->
