<?xml version="1.0" encoding="UTF-8"?>
<!-- Generated by org.testng.reporters.JUnitReportReporter -->
<testsuite hostname="DESKTOP-LFAEFDT" failures="0" tests="1" name="Addtional_Scenarious.Sample" time="7.645" errors="0" timestamp="2024-08-19T10:04:25 IST" skipped="0">
  <testcase classname="Addtional_Scenarious.Sample" name="removeAutomatedBySoftWare" time="7.645"/>
  <system-out/>
</testsuite> <!-- Addtional_Scenarious.Sample -->
