<?xml version="1.0" encoding="UTF-8"?>
<!-- Generated by org.testng.reporters.JUnitReportReporter -->
<testsuite hostname="DESKTOP-LFAEFDT" failures="0" tests="1" name="TestNGImplementation.copy.Create_industry" time="18.136" errors="0" timestamp="2024-08-17T10:33:11 IST" skipped="0">
  <testcase classname="TestNGImplementation.copy.Create_industry" name="createIndustryTest" time="18.136"/>
  <system-out/>
</testsuite> <!-- TestNGImplementation.copy.Create_industry -->
