<?xml version="1.0" encoding="UTF-8"?>
<!-- Generated by org.testng.reporters.JUnitReportReporter -->
<testsuite hostname="DESKTOP-LFAEFDT" failures="0" tests="3" name="TesNG.Data_Providerstest" time="0.044" errors="0" timestamp="2024-08-08T09:50:00 IST" skipped="0">
  <testcase classname="TesNG.Data_Providerstest" name="bookTicketTest" time="0.039"/>
  <system-out/>
  <testcase classname="TesNG.Data_Providerstest" name="bookTicketTest" time="0.003"/>
  <system-out/>
  <testcase classname="TesNG.Data_Providerstest" name="bookTicketTest" time="0.002"/>
  <system-out/>
</testsuite> <!-- TesNG.Data_Providerstest -->
