<?xml version="1.0" encoding="UTF-8"?>
<!-- Generated by org.testng.reporters.JUnitReportReporter -->
<testsuite hostname="DESKTOP-LFAEFDT" failures="0" tests="1" name="TestNGImplementation.copy.CreateEvent" time="23.126" errors="0" timestamp="2024-08-17T10:33:11 IST" skipped="0">
  <testcase classname="TestNGImplementation.copy.CreateEvent" name="createEventTest" time="23.126"/>
  <system-out/>
</testsuite> <!-- TestNGImplementation.copy.CreateEvent -->
