<?xml version="1.0" encoding="UTF-8"?>
<!-- Generated by org.testng.reporters.JUnitReportReporter -->
<testsuite hostname="DESKTOP-LFAEFDT" failures="0" tests="1" name="TesNG.RetryTest" time="0.024" errors="0" timestamp="2024-08-03T10:45:58 IST" skipped="0">
  <testcase classname="TesNG.RetryTest" name="demo" time="0.024"/>
  <system-out>
    <![CDATA[demo]]>
  </system-out>
</testsuite> <!-- TesNG.RetryTest -->
