<?xml version="1.0" encoding="UTF-8"?>
<!-- Generated by org.testng.reporters.JUnitReportReporter -->
<testsuite hostname="DESKTOP-LFAEFDT" failures="0" tests="4" name="TesNG.InvocationCount" time="0.027" errors="0" timestamp="2024-07-26T10:35:42 IST" skipped="0">
  <testcase classname="TesNG.InvocationCount" name="demo2" time="0.018"/>
  <system-out>
    <![CDATA[demo2]]>
  </system-out>
  <testcase classname="TesNG.InvocationCount" name="demo2" time="0.005"/>
  <system-out>
    <![CDATA[demo2]]>
  </system-out>
  <testcase classname="TesNG.InvocationCount" name="demo2" time="0.003"/>
  <system-out>
    <![CDATA[demo2]]>
  </system-out>
  <testcase classname="TesNG.InvocationCount" name="demo3" time="0.001"/>
  <system-out>
    <![CDATA[demo3]]>
  </system-out>
</testsuite> <!-- TesNG.InvocationCount -->
