<?xml version="1.0" encoding="UTF-8"?>
<!-- Generated by org.testng.reporters.JUnitReportReporter -->
<testsuite hostname="DESKTOP-LFAEFDT" failures="0" tests="1" name="Addtional_Scenarious.HandleanyNotifications" time="21.725" errors="0" timestamp="2024-08-19T10:42:34 IST" skipped="0">
  <testcase classname="Addtional_Scenarious.HandleanyNotifications" name="handleNotification" time="21.725"/>
  <system-out/>
</testsuite> <!-- Addtional_Scenarious.HandleanyNotifications -->
