<?xml version="1.0" encoding="UTF-8"?>
<!-- Generated by org.testng.reporters.JUnitReportReporter -->
<testsuite hostname="DESKTOP-LFAEFDT" failures="0" tests="1" name="TestNGImplementation.copy.Create_Contact" time="26.309" errors="0" timestamp="2024-08-03T10:00:03 IST" skipped="0">
  <testcase classname="TestNGImplementation.copy.Create_Contact" name="createContact" time="26.309"/>
  <system-out/>
</testsuite> <!-- TestNGImplementation.copy.Create_Contact -->
